  RoomHandler.cpp
d:\programming\server\서버수업\소스코드\portfolio\battlemarine\neteasy\net\command.h(32): warning C4244: '=': 'UINT16'에서 'BYTE'(으)로 변환하면서 데이터가 손실될 수 있습니다.
d:\programming\server\서버수업\소스코드\portfolio\battlemarine\neteasy\net\socket.h(44): warning C4996: 'inet_ntoa': Use inet_ntop() or InetNtop() instead or define _WINSOCK_DEPRECATED_NO_WARNINGS to disable deprecated API warnings
  c:\program files (x86)\windows kits\8.1\include\um\winsock2.h(1868): note: 'inet_ntoa' 선언을 참조하십시오.
d:\programming\server\서버수업\소스코드\portfolio\battlemarine\neteasy\net\socket.h(49): warning C4996: 'inet_ntoa': Use inet_ntop() or InetNtop() instead or define _WINSOCK_DEPRECATED_NO_WARNINGS to disable deprecated API warnings
  c:\program files (x86)\windows kits\8.1\include\um\winsock2.h(1868): note: 'inet_ntoa' 선언을 참조하십시오.
  Room.cpp
d:\programming\server\서버수업\소스코드\portfolio\battlemarine\neteasy\net\command.h(32): warning C4244: '=': 'UINT16'에서 'BYTE'(으)로 변환하면서 데이터가 손실될 수 있습니다.
d:\programming\server\서버수업\소스코드\portfolio\battlemarine\neteasy\net\socket.h(44): warning C4996: 'inet_ntoa': Use inet_ntop() or InetNtop() instead or define _WINSOCK_DEPRECATED_NO_WARNINGS to disable deprecated API warnings
  c:\program files (x86)\windows kits\8.1\include\um\winsock2.h(1868): note: 'inet_ntoa' 선언을 참조하십시오.
d:\programming\server\서버수업\소스코드\portfolio\battlemarine\neteasy\net\socket.h(49): warning C4996: 'inet_ntoa': Use inet_ntop() or InetNtop() instead or define _WINSOCK_DEPRECATED_NO_WARNINGS to disable deprecated API warnings
  c:\program files (x86)\windows kits\8.1\include\um\winsock2.h(1868): note: 'inet_ntoa' 선언을 참조하십시오.
  PlayerMgr.cpp
d:\programming\server\서버수업\소스코드\portfolio\battlemarine\neteasy\net\socket.h(44): warning C4996: 'inet_ntoa': Use inet_ntop() or InetNtop() instead or define _WINSOCK_DEPRECATED_NO_WARNINGS to disable deprecated API warnings
  c:\program files (x86)\windows kits\8.1\include\um\winsock2.h(1868): note: 'inet_ntoa' 선언을 참조하십시오.
d:\programming\server\서버수업\소스코드\portfolio\battlemarine\neteasy\net\socket.h(49): warning C4996: 'inet_ntoa': Use inet_ntop() or InetNtop() instead or define _WINSOCK_DEPRECATED_NO_WARNINGS to disable deprecated API warnings
  c:\program files (x86)\windows kits\8.1\include\um\winsock2.h(1868): note: 'inet_ntoa' 선언을 참조하십시오.
d:\programming\server\서버수업\소스코드\portfolio\battlemarine\neteasy\net\command.h(32): warning C4244: '=': 'UINT16'에서 'BYTE'(으)로 변환하면서 데이터가 손실될 수 있습니다.
  Player.cpp
d:\programming\server\서버수업\소스코드\portfolio\battlemarine\neteasy\net\command.h(32): warning C4244: '=': 'UINT16'에서 'BYTE'(으)로 변환하면서 데이터가 손실될 수 있습니다.
d:\programming\server\서버수업\소스코드\portfolio\battlemarine\neteasy\net\socket.h(44): warning C4996: 'inet_ntoa': Use inet_ntop() or InetNtop() instead or define _WINSOCK_DEPRECATED_NO_WARNINGS to disable deprecated API warnings
  c:\program files (x86)\windows kits\8.1\include\um\winsock2.h(1868): note: 'inet_ntoa' 선언을 참조하십시오.
d:\programming\server\서버수업\소스코드\portfolio\battlemarine\neteasy\net\socket.h(49): warning C4996: 'inet_ntoa': Use inet_ntop() or InetNtop() instead or define _WINSOCK_DEPRECATED_NO_WARNINGS to disable deprecated API warnings
  c:\program files (x86)\windows kits\8.1\include\um\winsock2.h(1868): note: 'inet_ntoa' 선언을 참조하십시오.
d:\programming\server\서버수업\소스코드\portfolio\battlemarine\neteasy\world\player.cpp(65): warning C4244: '=': 'double'에서 'INT32'(으)로 변환하면서 데이터가 손실될 수 있습니다.
d:\programming\server\서버수업\소스코드\portfolio\battlemarine\neteasy\world\player.cpp(66): warning C4244: '=': 'double'에서 'INT32'(으)로 변환하면서 데이터가 손실될 수 있습니다.
d:\programming\server\서버수업\소스코드\portfolio\battlemarine\neteasy\world\player.cpp(73): warning C4244: '=': 'double'에서 'INT32'(으)로 변환하면서 데이터가 손실될 수 있습니다.
d:\programming\server\서버수업\소스코드\portfolio\battlemarine\neteasy\world\player.cpp(74): warning C4244: '=': 'double'에서 'INT32'(으)로 변환하면서 데이터가 손실될 수 있습니다.
  LogFile.cpp
d:\programming\server\서버수업\소스코드\portfolio\battlemarine\neteasy\net\command.h(32): warning C4244: '=': 'UINT16'에서 'BYTE'(으)로 변환하면서 데이터가 손실될 수 있습니다.
d:\programming\server\서버수업\소스코드\portfolio\battlemarine\neteasy\net\socket.h(44): warning C4996: 'inet_ntoa': Use inet_ntop() or InetNtop() instead or define _WINSOCK_DEPRECATED_NO_WARNINGS to disable deprecated API warnings
  c:\program files (x86)\windows kits\8.1\include\um\winsock2.h(1868): note: 'inet_ntoa' 선언을 참조하십시오.
d:\programming\server\서버수업\소스코드\portfolio\battlemarine\neteasy\net\socket.h(49): warning C4996: 'inet_ntoa': Use inet_ntop() or InetNtop() instead or define _WINSOCK_DEPRECATED_NO_WARNINGS to disable deprecated API warnings
  c:\program files (x86)\windows kits\8.1\include\um\winsock2.h(1868): note: 'inet_ntoa' 선언을 참조하십시오.
d:\programming\server\서버수업\소스코드\portfolio\battlemarine\neteasy\util\logfile.cpp(15): warning C4996: 'strncpy': This function or variable may be unsafe. Consider using strncpy_s instead. To disable deprecation, use _CRT_SECURE_NO_WARNINGS. See online help for details.
  c:\program files (x86)\windows kits\10\include\10.0.10240.0\ucrt\string.h(346): note: 'strncpy' 선언을 참조하십시오.
d:\programming\server\서버수업\소스코드\portfolio\battlemarine\neteasy\util\logfile.cpp(89): warning C4996: 'localtime': This function or variable may be unsafe. Consider using localtime_s instead. To disable deprecation, use _CRT_SECURE_NO_WARNINGS. See online help for details.
  c:\program files (x86)\windows kits\10\include\10.0.10240.0\ucrt\time.h(505): note: 'localtime' 선언을 참조하십시오.
d:\programming\server\서버수업\소스코드\portfolio\battlemarine\neteasy\util\logfile.cpp(91): warning C4996: 'sprintf': This function or variable may be unsafe. Consider using sprintf_s instead. To disable deprecation, use _CRT_SECURE_NO_WARNINGS. See online help for details.
  c:\program files (x86)\windows kits\10\include\10.0.10240.0\ucrt\stdio.h(1769): note: 'sprintf' 선언을 참조하십시오.
d:\programming\server\서버수업\소스코드\portfolio\battlemarine\neteasy\util\logfile.cpp(93): warning C4996: 'fopen': This function or variable may be unsafe. Consider using fopen_s instead. To disable deprecation, use _CRT_SECURE_NO_WARNINGS. See online help for details.
  c:\program files (x86)\windows kits\10\include\10.0.10240.0\ucrt\stdio.h(205): note: 'fopen' 선언을 참조하십시오.
d:\programming\server\서버수업\소스코드\portfolio\battlemarine\neteasy\util\logfile.cpp(96): warning C4996: 'sprintf': This function or variable may be unsafe. Consider using sprintf_s instead. To disable deprecation, use _CRT_SECURE_NO_WARNINGS. See online help for details.
  c:\program files (x86)\windows kits\10\include\10.0.10240.0\ucrt\stdio.h(1769): note: 'sprintf' 선언을 참조하십시오.
  Factory.cpp
d:\programming\server\서버수업\소스코드\portfolio\battlemarine\neteasy\net\command.h(32): warning C4244: '=': 'UINT16'에서 'BYTE'(으)로 변환하면서 데이터가 손실될 수 있습니다.
d:\programming\server\서버수업\소스코드\portfolio\battlemarine\neteasy\net\socket.h(44): warning C4996: 'inet_ntoa': Use inet_ntop() or InetNtop() instead or define _WINSOCK_DEPRECATED_NO_WARNINGS to disable deprecated API warnings
  c:\program files (x86)\windows kits\8.1\include\um\winsock2.h(1868): note: 'inet_ntoa' 선언을 참조하십시오.
d:\programming\server\서버수업\소스코드\portfolio\battlemarine\neteasy\net\socket.h(49): warning C4996: 'inet_ntoa': Use inet_ntop() or InetNtop() instead or define _WINSOCK_DEPRECATED_NO_WARNINGS to disable deprecated API warnings
  c:\program files (x86)\windows kits\8.1\include\um\winsock2.h(1868): note: 'inet_ntoa' 선언을 참조하십시오.
  Socket.cpp
d:\programming\server\서버수업\소스코드\portfolio\battlemarine\neteasy\net\socket.h(44): warning C4996: 'inet_ntoa': Use inet_ntop() or InetNtop() instead or define _WINSOCK_DEPRECATED_NO_WARNINGS to disable deprecated API warnings
  c:\program files (x86)\windows kits\8.1\include\um\winsock2.h(1868): note: 'inet_ntoa' 선언을 참조하십시오.
d:\programming\server\서버수업\소스코드\portfolio\battlemarine\neteasy\net\socket.h(49): warning C4996: 'inet_ntoa': Use inet_ntop() or InetNtop() instead or define _WINSOCK_DEPRECATED_NO_WARNINGS to disable deprecated API warnings
  c:\program files (x86)\windows kits\8.1\include\um\winsock2.h(1868): note: 'inet_ntoa' 선언을 참조하십시오.
d:\programming\server\서버수업\소스코드\portfolio\battlemarine\neteasy\net\command.h(32): warning C4244: '=': 'UINT16'에서 'BYTE'(으)로 변환하면서 데이터가 손실될 수 있습니다.
d:\programming\server\서버수업\소스코드\portfolio\battlemarine\neteasy\net\socket.cpp(200): warning C4996: 'inet_addr': Use inet_pton() or InetPton() instead or define _WINSOCK_DEPRECATED_NO_WARNINGS to disable deprecated API warnings
  c:\program files (x86)\windows kits\8.1\include\um\winsock2.h(1850): note: 'inet_addr' 선언을 참조하십시오.
d:\programming\server\서버수업\소스코드\portfolio\battlemarine\neteasy\net\socket.cpp(212): warning C4996: 'inet_addr': Use inet_pton() or InetPton() instead or define _WINSOCK_DEPRECATED_NO_WARNINGS to disable deprecated API warnings
  c:\program files (x86)\windows kits\8.1\include\um\winsock2.h(1850): note: 'inet_addr' 선언을 참조하십시오.
  Sensor.cpp
d:\programming\server\서버수업\소스코드\portfolio\battlemarine\neteasy\net\command.h(32): warning C4244: '=': 'UINT16'에서 'BYTE'(으)로 변환하면서 데이터가 손실될 수 있습니다.
d:\programming\server\서버수업\소스코드\portfolio\battlemarine\neteasy\net\socket.h(44): warning C4996: 'inet_ntoa': Use inet_ntop() or InetNtop() instead or define _WINSOCK_DEPRECATED_NO_WARNINGS to disable deprecated API warnings
  c:\program files (x86)\windows kits\8.1\include\um\winsock2.h(1868): note: 'inet_ntoa' 선언을 참조하십시오.
d:\programming\server\서버수업\소스코드\portfolio\battlemarine\neteasy\net\socket.h(49): warning C4996: 'inet_ntoa': Use inet_ntop() or InetNtop() instead or define _WINSOCK_DEPRECATED_NO_WARNINGS to disable deprecated API warnings
  c:\program files (x86)\windows kits\8.1\include\um\winsock2.h(1868): note: 'inet_ntoa' 선언을 참조하십시오.
  Listener.cpp
d:\programming\server\서버수업\소스코드\portfolio\battlemarine\neteasy\net\command.h(32): warning C4244: '=': 'UINT16'에서 'BYTE'(으)로 변환하면서 데이터가 손실될 수 있습니다.
d:\programming\server\서버수업\소스코드\portfolio\battlemarine\neteasy\net\socket.h(44): warning C4996: 'inet_ntoa': Use inet_ntop() or InetNtop() instead or define _WINSOCK_DEPRECATED_NO_WARNINGS to disable deprecated API warnings
  c:\program files (x86)\windows kits\8.1\include\um\winsock2.h(1868): note: 'inet_ntoa' 선언을 참조하십시오.
d:\programming\server\서버수업\소스코드\portfolio\battlemarine\neteasy\net\socket.h(49): warning C4996: 'inet_ntoa': Use inet_ntop() or InetNtop() instead or define _WINSOCK_DEPRECATED_NO_WARNINGS to disable deprecated API warnings
  c:\program files (x86)\windows kits\8.1\include\um\winsock2.h(1868): note: 'inet_ntoa' 선언을 참조하십시오.
d:\programming\server\서버수업\소스코드\portfolio\battlemarine\neteasy\net\listener.cpp(40): warning C4996: 'sprintf': This function or variable may be unsafe. Consider using sprintf_s instead. To disable deprecation, use _CRT_SECURE_NO_WARNINGS. See online help for details.
  c:\program files (x86)\windows kits\10\include\10.0.10240.0\ucrt\stdio.h(1769): note: 'sprintf' 선언을 참조하십시오.
  Connector.cpp
d:\programming\server\서버수업\소스코드\portfolio\battlemarine\neteasy\net\command.h(32): warning C4244: '=': 'UINT16'에서 'BYTE'(으)로 변환하면서 데이터가 손실될 수 있습니다.
d:\programming\server\서버수업\소스코드\portfolio\battlemarine\neteasy\net\socket.h(44): warning C4996: 'inet_ntoa': Use inet_ntop() or InetNtop() instead or define _WINSOCK_DEPRECATED_NO_WARNINGS to disable deprecated API warnings
  c:\program files (x86)\windows kits\8.1\include\um\winsock2.h(1868): note: 'inet_ntoa' 선언을 참조하십시오.
d:\programming\server\서버수업\소스코드\portfolio\battlemarine\neteasy\net\socket.h(49): warning C4996: 'inet_ntoa': Use inet_ntop() or InetNtop() instead or define _WINSOCK_DEPRECATED_NO_WARNINGS to disable deprecated API warnings
  c:\program files (x86)\windows kits\8.1\include\um\winsock2.h(1868): note: 'inet_ntoa' 선언을 참조하십시오.
  Buffer.cpp
d:\programming\server\서버수업\소스코드\portfolio\battlemarine\neteasy\net\command.h(32): warning C4244: '=': 'UINT16'에서 'BYTE'(으)로 변환하면서 데이터가 손실될 수 있습니다.
d:\programming\server\서버수업\소스코드\portfolio\battlemarine\neteasy\net\socket.h(44): warning C4996: 'inet_ntoa': Use inet_ntop() or InetNtop() instead or define _WINSOCK_DEPRECATED_NO_WARNINGS to disable deprecated API warnings
  c:\program files (x86)\windows kits\8.1\include\um\winsock2.h(1868): note: 'inet_ntoa' 선언을 참조하십시오.
d:\programming\server\서버수업\소스코드\portfolio\battlemarine\neteasy\net\socket.h(49): warning C4996: 'inet_ntoa': Use inet_ntop() or InetNtop() instead or define _WINSOCK_DEPRECATED_NO_WARNINGS to disable deprecated API warnings
  c:\program files (x86)\windows kits\8.1\include\um\winsock2.h(1868): note: 'inet_ntoa' 선언을 참조하십시오.
  코드를 생성하고 있습니다...
  NetEasy.vcxproj -> D:\Programming\Server\서버수업\소스코드\Portfolio\battlemarine\\Lib\Debug\NetEasy.lib
