  Animator.cpp
d:\programming\server\서버수업\소스코드\portfolio\battlemarine\neteasy\net\command.h(32): warning C4244: '=': 'UINT16'에서 'BYTE'(으)로 변환하면서 데이터가 손실될 수 있습니다.
d:\programming\server\서버수업\소스코드\portfolio\battlemarine\neteasy\net\socket.h(44): warning C4996: 'inet_ntoa': Use inet_ntop() or InetNtop() instead or define _WINSOCK_DEPRECATED_NO_WARNINGS to disable deprecated API warnings
  c:\program files (x86)\windows kits\8.1\include\um\winsock2.h(1868): note: 'inet_ntoa' 선언을 참조하십시오.
d:\programming\server\서버수업\소스코드\portfolio\battlemarine\neteasy\net\socket.h(49): warning C4996: 'inet_ntoa': Use inet_ntop() or InetNtop() instead or define _WINSOCK_DEPRECATED_NO_WARNINGS to disable deprecated API warnings
  c:\program files (x86)\windows kits\8.1\include\um\winsock2.h(1868): note: 'inet_ntoa' 선언을 참조하십시오.
d:\programming\server\서버수업\소스코드\portfolio\battlemarine\gameclient\world\animator.cpp(34): warning C4996: 'swprintf': function has been changed to conform with the ISO C standard, adding an extra character count parameter. To use the traditional Microsoft version, set _CRT_NON_CONFORMING_SWPRINTFS.
  c:\program files (x86)\windows kits\10\include\10.0.10240.0\ucrt\corecrt_wstdio.h(1820): note: 'swprintf' 선언을 참조하십시오.
d:\programming\server\서버수업\소스코드\portfolio\battlemarine\gameclient\world\animator.cpp(40): warning C4996: 'swprintf': function has been changed to conform with the ISO C standard, adding an extra character count parameter. To use the traditional Microsoft version, set _CRT_NON_CONFORMING_SWPRINTFS.
  c:\program files (x86)\windows kits\10\include\10.0.10240.0\ucrt\corecrt_wstdio.h(1820): note: 'swprintf' 선언을 참조하십시오.
d:\programming\server\서버수업\소스코드\portfolio\battlemarine\gameclient\world\animator.cpp(46): warning C4996: 'swprintf': function has been changed to conform with the ISO C standard, adding an extra character count parameter. To use the traditional Microsoft version, set _CRT_NON_CONFORMING_SWPRINTFS.
  c:\program files (x86)\windows kits\10\include\10.0.10240.0\ucrt\corecrt_wstdio.h(1820): note: 'swprintf' 선언을 참조하십시오.
d:\programming\server\서버수업\소스코드\portfolio\battlemarine\gameclient\world\animator.cpp(52): warning C4996: 'swprintf': function has been changed to conform with the ISO C standard, adding an extra character count parameter. To use the traditional Microsoft version, set _CRT_NON_CONFORMING_SWPRINTFS.
  c:\program files (x86)\windows kits\10\include\10.0.10240.0\ucrt\corecrt_wstdio.h(1820): note: 'swprintf' 선언을 참조하십시오.
d:\programming\server\서버수업\소스코드\portfolio\battlemarine\gameclient\world\animator.cpp(58): warning C4996: 'swprintf': function has been changed to conform with the ISO C standard, adding an extra character count parameter. To use the traditional Microsoft version, set _CRT_NON_CONFORMING_SWPRINTFS.
  c:\program files (x86)\windows kits\10\include\10.0.10240.0\ucrt\corecrt_wstdio.h(1820): note: 'swprintf' 선언을 참조하십시오.
d:\programming\server\서버수업\소스코드\portfolio\battlemarine\gameclient\world\animator.cpp(64): warning C4996: 'swprintf': function has been changed to conform with the ISO C standard, adding an extra character count parameter. To use the traditional Microsoft version, set _CRT_NON_CONFORMING_SWPRINTFS.
  c:\program files (x86)\windows kits\10\include\10.0.10240.0\ucrt\corecrt_wstdio.h(1820): note: 'swprintf' 선언을 참조하십시오.
d:\programming\server\서버수업\소스코드\portfolio\battlemarine\gameclient\world\animator.cpp(70): warning C4996: 'swprintf': function has been changed to conform with the ISO C standard, adding an extra character count parameter. To use the traditional Microsoft version, set _CRT_NON_CONFORMING_SWPRINTFS.
  c:\program files (x86)\windows kits\10\include\10.0.10240.0\ucrt\corecrt_wstdio.h(1820): note: 'swprintf' 선언을 참조하십시오.
d:\programming\server\서버수업\소스코드\portfolio\battlemarine\gameclient\world\animator.cpp(76): warning C4996: 'swprintf': function has been changed to conform with the ISO C standard, adding an extra character count parameter. To use the traditional Microsoft version, set _CRT_NON_CONFORMING_SWPRINTFS.
  c:\program files (x86)\windows kits\10\include\10.0.10240.0\ucrt\corecrt_wstdio.h(1820): note: 'swprintf' 선언을 참조하십시오.
d:\programming\server\서버수업\소스코드\portfolio\battlemarine\gameclient\world\animator.cpp(85): warning C4996: 'swprintf': function has been changed to conform with the ISO C standard, adding an extra character count parameter. To use the traditional Microsoft version, set _CRT_NON_CONFORMING_SWPRINTFS.
  c:\program files (x86)\windows kits\10\include\10.0.10240.0\ucrt\corecrt_wstdio.h(1820): note: 'swprintf' 선언을 참조하십시오.
d:\programming\server\서버수업\소스코드\portfolio\battlemarine\gameclient\world\animator.cpp(91): warning C4996: 'swprintf': function has been changed to conform with the ISO C standard, adding an extra character count parameter. To use the traditional Microsoft version, set _CRT_NON_CONFORMING_SWPRINTFS.
  c:\program files (x86)\windows kits\10\include\10.0.10240.0\ucrt\corecrt_wstdio.h(1820): note: 'swprintf' 선언을 참조하십시오.
d:\programming\server\서버수업\소스코드\portfolio\battlemarine\gameclient\world\animator.cpp(97): warning C4996: 'swprintf': function has been changed to conform with the ISO C standard, adding an extra character count parameter. To use the traditional Microsoft version, set _CRT_NON_CONFORMING_SWPRINTFS.
  c:\program files (x86)\windows kits\10\include\10.0.10240.0\ucrt\corecrt_wstdio.h(1820): note: 'swprintf' 선언을 참조하십시오.
d:\programming\server\서버수업\소스코드\portfolio\battlemarine\gameclient\world\animator.cpp(103): warning C4996: 'swprintf': function has been changed to conform with the ISO C standard, adding an extra character count parameter. To use the traditional Microsoft version, set _CRT_NON_CONFORMING_SWPRINTFS.
  c:\program files (x86)\windows kits\10\include\10.0.10240.0\ucrt\corecrt_wstdio.h(1820): note: 'swprintf' 선언을 참조하십시오.
d:\programming\server\서버수업\소스코드\portfolio\battlemarine\gameclient\world\animator.cpp(109): warning C4996: 'swprintf': function has been changed to conform with the ISO C standard, adding an extra character count parameter. To use the traditional Microsoft version, set _CRT_NON_CONFORMING_SWPRINTFS.
  c:\program files (x86)\windows kits\10\include\10.0.10240.0\ucrt\corecrt_wstdio.h(1820): note: 'swprintf' 선언을 참조하십시오.
d:\programming\server\서버수업\소스코드\portfolio\battlemarine\gameclient\world\animator.cpp(115): warning C4996: 'swprintf': function has been changed to conform with the ISO C standard, adding an extra character count parameter. To use the traditional Microsoft version, set _CRT_NON_CONFORMING_SWPRINTFS.
  c:\program files (x86)\windows kits\10\include\10.0.10240.0\ucrt\corecrt_wstdio.h(1820): note: 'swprintf' 선언을 참조하십시오.
d:\programming\server\서버수업\소스코드\portfolio\battlemarine\gameclient\world\animator.cpp(121): warning C4996: 'swprintf': function has been changed to conform with the ISO C standard, adding an extra character count parameter. To use the traditional Microsoft version, set _CRT_NON_CONFORMING_SWPRINTFS.
  c:\program files (x86)\windows kits\10\include\10.0.10240.0\ucrt\corecrt_wstdio.h(1820): note: 'swprintf' 선언을 참조하십시오.
d:\programming\server\서버수업\소스코드\portfolio\battlemarine\gameclient\world\animator.cpp(127): warning C4996: 'swprintf': function has been changed to conform with the ISO C standard, adding an extra character count parameter. To use the traditional Microsoft version, set _CRT_NON_CONFORMING_SWPRINTFS.
  c:\program files (x86)\windows kits\10\include\10.0.10240.0\ucrt\corecrt_wstdio.h(1820): note: 'swprintf' 선언을 참조하십시오.
d:\programming\server\서버수업\소스코드\portfolio\battlemarine\gameclient\world\animator.cpp(136): warning C4996: 'swprintf': function has been changed to conform with the ISO C standard, adding an extra character count parameter. To use the traditional Microsoft version, set _CRT_NON_CONFORMING_SWPRINTFS.
  c:\program files (x86)\windows kits\10\include\10.0.10240.0\ucrt\corecrt_wstdio.h(1820): note: 'swprintf' 선언을 참조하십시오.
d:\programming\server\서버수업\소스코드\portfolio\battlemarine\gameclient\world\animator.cpp(142): warning C4996: 'swprintf': function has been changed to conform with the ISO C standard, adding an extra character count parameter. To use the traditional Microsoft version, set _CRT_NON_CONFORMING_SWPRINTFS.
  c:\program files (x86)\windows kits\10\include\10.0.10240.0\ucrt\corecrt_wstdio.h(1820): note: 'swprintf' 선언을 참조하십시오.
d:\programming\server\서버수업\소스코드\portfolio\battlemarine\gameclient\world\animator.cpp(148): warning C4996: 'swprintf': function has been changed to conform with the ISO C standard, adding an extra character count parameter. To use the traditional Microsoft version, set _CRT_NON_CONFORMING_SWPRINTFS.
  c:\program files (x86)\windows kits\10\include\10.0.10240.0\ucrt\corecrt_wstdio.h(1820): note: 'swprintf' 선언을 참조하십시오.
d:\programming\server\서버수업\소스코드\portfolio\battlemarine\gameclient\world\animator.cpp(154): warning C4996: 'swprintf': function has been changed to conform with the ISO C standard, adding an extra character count parameter. To use the traditional Microsoft version, set _CRT_NON_CONFORMING_SWPRINTFS.
  c:\program files (x86)\windows kits\10\include\10.0.10240.0\ucrt\corecrt_wstdio.h(1820): note: 'swprintf' 선언을 참조하십시오.
d:\programming\server\서버수업\소스코드\portfolio\battlemarine\gameclient\world\animator.cpp(160): warning C4996: 'swprintf': function has been changed to conform with the ISO C standard, adding an extra character count parameter. To use the traditional Microsoft version, set _CRT_NON_CONFORMING_SWPRINTFS.
  c:\program files (x86)\windows kits\10\include\10.0.10240.0\ucrt\corecrt_wstdio.h(1820): note: 'swprintf' 선언을 참조하십시오.
d:\programming\server\서버수업\소스코드\portfolio\battlemarine\gameclient\world\animator.cpp(166): warning C4996: 'swprintf': function has been changed to conform with the ISO C standard, adding an extra character count parameter. To use the traditional Microsoft version, set _CRT_NON_CONFORMING_SWPRINTFS.
  c:\program files (x86)\windows kits\10\include\10.0.10240.0\ucrt\corecrt_wstdio.h(1820): note: 'swprintf' 선언을 참조하십시오.
d:\programming\server\서버수업\소스코드\portfolio\battlemarine\gameclient\world\animator.cpp(172): warning C4996: 'swprintf': function has been changed to conform with the ISO C standard, adding an extra character count parameter. To use the traditional Microsoft version, set _CRT_NON_CONFORMING_SWPRINTFS.
  c:\program files (x86)\windows kits\10\include\10.0.10240.0\ucrt\corecrt_wstdio.h(1820): note: 'swprintf' 선언을 참조하십시오.
d:\programming\server\서버수업\소스코드\portfolio\battlemarine\gameclient\world\animator.cpp(178): warning C4996: 'swprintf': function has been changed to conform with the ISO C standard, adding an extra character count parameter. To use the traditional Microsoft version, set _CRT_NON_CONFORMING_SWPRINTFS.
  c:\program files (x86)\windows kits\10\include\10.0.10240.0\ucrt\corecrt_wstdio.h(1820): note: 'swprintf' 선언을 참조하십시오.
d:\programming\server\서버수업\소스코드\portfolio\battlemarine\gameclient\world\animator.cpp(187): warning C4996: 'swprintf': function has been changed to conform with the ISO C standard, adding an extra character count parameter. To use the traditional Microsoft version, set _CRT_NON_CONFORMING_SWPRINTFS.
  c:\program files (x86)\windows kits\10\include\10.0.10240.0\ucrt\corecrt_wstdio.h(1820): note: 'swprintf' 선언을 참조하십시오.
d:\programming\server\서버수업\소스코드\portfolio\battlemarine\gameclient\world\animator.cpp(262): warning C4018: '<': signed 또는 unsigned가 일치하지 않습니다.
d:\programming\server\서버수업\소스코드\portfolio\battlemarine\gameclient\world\animator.cpp(267): warning C4996: 'swprintf': function has been changed to conform with the ISO C standard, adding an extra character count parameter. To use the traditional Microsoft version, set _CRT_NON_CONFORMING_SWPRINTFS.
  c:\program files (x86)\windows kits\10\include\10.0.10240.0\ucrt\corecrt_wstdio.h(1820): note: 'swprintf' 선언을 참조하십시오.
d:\programming\server\서버수업\소스코드\portfolio\battlemarine\gameclient\world\animator.cpp(278): warning C4996: 'swprintf': function has been changed to conform with the ISO C standard, adding an extra character count parameter. To use the traditional Microsoft version, set _CRT_NON_CONFORMING_SWPRINTFS.
  c:\program files (x86)\windows kits\10\include\10.0.10240.0\ucrt\corecrt_wstdio.h(1820): note: 'swprintf' 선언을 참조하십시오.
d:\programming\server\서버수업\소스코드\portfolio\battlemarine\gameclient\world\animator.cpp(300): warning C4018: '<': signed 또는 unsigned가 일치하지 않습니다.
d:\programming\server\서버수업\소스코드\portfolio\battlemarine\gameclient\world\animator.cpp(301): warning C4018: '<': signed 또는 unsigned가 일치하지 않습니다.
d:\programming\server\서버수업\소스코드\portfolio\battlemarine\gameclient\world\animator.cpp(323): warning C4018: '<': signed 또는 unsigned가 일치하지 않습니다.
d:\programming\server\서버수업\소스코드\portfolio\battlemarine\gameclient\world\animator.cpp(324): warning C4018: '<': signed 또는 unsigned가 일치하지 않습니다.
d:\programming\server\서버수업\소스코드\portfolio\battlemarine\gameclient\world\animator.cpp(340): warning C4018: '<': signed 또는 unsigned가 일치하지 않습니다.
d:\programming\server\서버수업\소스코드\portfolio\battlemarine\gameclient\world\animator.cpp(341): warning C4018: '<': signed 또는 unsigned가 일치하지 않습니다.
d:\programming\server\서버수업\소스코드\portfolio\battlemarine\gameclient\world\animator.cpp(552): warning C4244: '초기화 중': 'int'에서 'FLOAT'(으)로 변환하면서 데이터가 손실될 수 있습니다.
d:\programming\server\서버수업\소스코드\portfolio\battlemarine\gameclient\world\animator.cpp(553): warning C4244: '초기화 중': 'int'에서 'FLOAT'(으)로 변환하면서 데이터가 손실될 수 있습니다.
d:\programming\server\서버수업\소스코드\portfolio\battlemarine\gameclient\world\animator.cpp(562): warning C4244: '=': 'int'에서 'FLOAT'(으)로 변환하면서 데이터가 손실될 수 있습니다.
d:\programming\server\서버수업\소스코드\portfolio\battlemarine\gameclient\world\animator.cpp(563): warning C4244: '=': 'int'에서 'FLOAT'(으)로 변환하면서 데이터가 손실될 수 있습니다.
d:\programming\server\서버수업\소스코드\portfolio\battlemarine\gameclient\world\animator.cpp(575): warning C4244: '=': 'int'에서 'FLOAT'(으)로 변환하면서 데이터가 손실될 수 있습니다.
d:\programming\server\서버수업\소스코드\portfolio\battlemarine\gameclient\world\animator.cpp(576): warning C4244: '=': 'int'에서 'FLOAT'(으)로 변환하면서 데이터가 손실될 수 있습니다.
d:\programming\server\서버수업\소스코드\portfolio\battlemarine\gameclient\world\animator.cpp(566): warning C4996: 'sprintf': This function or variable may be unsafe. Consider using sprintf_s instead. To disable deprecation, use _CRT_SECURE_NO_WARNINGS. See online help for details.
  c:\program files (x86)\windows kits\10\include\10.0.10240.0\ucrt\stdio.h(1769): note: 'sprintf' 선언을 참조하십시오.
d:\programming\server\서버수업\소스코드\portfolio\battlemarine\gameclient\world\animator.cpp(579): warning C4996: 'sprintf': This function or variable may be unsafe. Consider using sprintf_s instead. To disable deprecation, use _CRT_SECURE_NO_WARNINGS. See online help for details.
  c:\program files (x86)\windows kits\10\include\10.0.10240.0\ucrt\stdio.h(1769): note: 'sprintf' 선언을 참조하십시오.
c:\program files (x86)\microsoft visual studio 14.0\vc\include\xutility(893): warning C4244: '인수': 'const unsigned __int64'에서 'const UINT'(으)로 변환하면서 데이터가 손실될 수 있습니다.
  c:\program files (x86)\microsoft visual studio 14.0\vc\include\xutility(890): note: 컴파일 중인 함수 템플릿 인스턴스화 'bool std::_Debug_lt_pred<std::less<UINT>&,const unsigned __int64&,const unsigned __int64&>(_Pr,_Ty1,_Ty2,std::_Dbfile_t,std::_Dbline_t) noexcept(<expr>)'에 대한 참조를 확인하십시오.
          with
          [
              _Pr=std::less<UINT> &,
              _Ty1=const unsigned __int64 &,
              _Ty2=const unsigned __int64 &
          ]
  c:\program files (x86)\microsoft visual studio 14.0\vc\include\xtree(1480): note: 클래스 템플릿 멤버 함수 'std::_Tree_iterator<std::_Tree_val<std::_Tree_simple_types<std::pair<const _Kty,_Ty>>>> std::_Tree<std::_Tmap_traits<_Kty,_Ty,_Pr,_Alloc,false>>::find(const unsigned __int64 &)'을(를) 컴파일하고 있습니다.
          with
          [
              _Kty=UINT64,
              _Ty=CItemEx *,
              _Pr=std::less<UINT>,
              _Alloc=std::allocator<std::pair<const UINT64,CItemEx *>>
          ]
  d:\programming\server\서버수업\소스코드\portfolio\battlemarine\gameclient\item\dropitemmgr.h(53): note: 컴파일 중인 함수 템플릿 인스턴스화 'std::_Tree_iterator<std::_Tree_val<std::_Tree_simple_types<std::pair<const _Kty,_Ty>>>> std::_Tree<std::_Tmap_traits<_Kty,_Ty,_Pr,_Alloc,false>>::find(const unsigned __int64 &)'에 대한 참조를 확인하십시오.
          with
          [
              _Kty=UINT64,
              _Ty=CItemEx *,
              _Pr=std::less<UINT>,
              _Alloc=std::allocator<std::pair<const UINT64,CItemEx *>>
          ]
  c:\program files (x86)\microsoft visual studio 14.0\vc\include\map(73): note: 컴파일 중인 클래스 템플릿 인스턴스화 'std::_Tree<std::_Tmap_traits<_Kty,_Ty,_Pr,_Alloc,false>>'에 대한 참조를 확인하십시오.
          with
          [
              _Kty=UINT64,
              _Ty=CItemEx *,
              _Pr=std::less<UINT>,
              _Alloc=std::allocator<std::pair<const UINT64,CItemEx *>>
          ]
  d:\programming\server\서버수업\소스코드\portfolio\battlemarine\gameclient\item\dropitemmgr.h(75): note: 컴파일 중인 클래스 템플릿 인스턴스화 'std::map<UINT64,CItemEx *,std::less<UINT>,std::allocator<std::pair<const _Kty,_Ty>>>'에 대한 참조를 확인하십시오.
          with
          [
              _Kty=UINT64,
              _Ty=CItemEx *
          ]
c:\program files (x86)\microsoft visual studio 14.0\vc\include\xutility(896): warning C4244: '인수': 'const unsigned __int64'에서 'const UINT'(으)로 변환하면서 데이터가 손실될 수 있습니다.
  c:\program files (x86)\microsoft visual studio 14.0\vc\include\xtree(1483): note: 컴파일 중인 함수 템플릿 인스턴스화 'bool std::_Debug_lt_pred<std::less<UINT>&,const unsigned __int64&,const unsigned __int64&>(_Pr,_Ty1,_Ty2,std::_Dbfile_t,std::_Dbline_t) noexcept(false)'에 대한 참조를 확인하십시오.
          with
          [
              _Pr=std::less<UINT> &,
              _Ty1=const unsigned __int64 &,
              _Ty2=const unsigned __int64 &
          ]
  c:\program files (x86)\microsoft visual studio 14.0\vc\include\xtree(1480): note: 클래스 템플릿 멤버 함수 'std::_Tree_iterator<std::_Tree_val<std::_Tree_simple_types<std::pair<const _Kty,_Ty>>>> std::_Tree<std::_Tmap_traits<_Kty,_Ty,_Pr,_Alloc,false>>::find(const unsigned __int64 &)'을(를) 컴파일하고 있습니다.
          with
          [
              _Kty=UINT64,
              _Ty=CItemEx *,
              _Pr=std::less<UINT>,
              _Alloc=std::allocator<std::pair<const UINT64,CItemEx *>>
          ]
  d:\programming\server\서버수업\소스코드\portfolio\battlemarine\gameclient\item\dropitemmgr.h(53): note: 컴파일 중인 함수 템플릿 인스턴스화 'std::_Tree_iterator<std::_Tree_val<std::_Tree_simple_types<std::pair<const _Kty,_Ty>>>> std::_Tree<std::_Tmap_traits<_Kty,_Ty,_Pr,_Alloc,false>>::find(const unsigned __int64 &)'에 대한 참조를 확인하십시오.
          with
          [
              _Kty=UINT64,
              _Ty=CItemEx *,
              _Pr=std::less<UINT>,
              _Alloc=std::allocator<std::pair<const UINT64,CItemEx *>>
          ]
c:\program files (x86)\microsoft visual studio 14.0\vc\include\xutility(898): warning C4244: '인수': 'const unsigned __int64'에서 'const UINT'(으)로 변환하면서 데이터가 손실될 수 있습니다.
  코드를 생성하고 있습니다...
  건너뛰고 있습니다... (관련된 변경 내용 없음)
  RoomEx.cpp
  PlayerEx.cpp
  Tick.cpp
  Console.cpp
  USER.cpp
  ROOM.cpp
  OTHER.cpp
  Launcher.cpp
  ITEM.cpp
  INFO.cpp
  ID.cpp
  ConnectorEx.cpp
  CHEAT.cpp
  RewardInfoDbm.cpp
  ModInfoDbm.cpp
  MapInfoDbm.cpp
  ItemInfoDbm.cpp
  DropInfoDbm.cpp
  Dbm.cpp
  DbMgr.cpp
  GameClient.cpp
lib_json.lib(json_reader.obj) : warning LNK4099: 'lib_json.pdb' PDB를 'lib_json.lib(json_reader.obj)' 또는 'D:\Programming\Server\서버수업\소스코드\Portfolio\battlemarine\Bin\Debug\lib_json.pdb'에서 찾을 수 없습니다. 디버그 정보가 없는 것처럼 개체를 링크합니다.
lib_json.lib(json_value.obj) : warning LNK4099: 'lib_json.pdb' PDB를 'lib_json.lib(json_value.obj)' 또는 'D:\Programming\Server\서버수업\소스코드\Portfolio\battlemarine\Bin\Debug\lib_json.pdb'에서 찾을 수 없습니다. 디버그 정보가 없는 것처럼 개체를 링크합니다.
lib_json.lib(json_writer.obj) : warning LNK4099: 'lib_json.pdb' PDB를 'lib_json.lib(json_writer.obj)' 또는 'D:\Programming\Server\서버수업\소스코드\Portfolio\battlemarine\Bin\Debug\lib_json.pdb'에서 찾을 수 없습니다. 디버그 정보가 없는 것처럼 개체를 링크합니다.
  GameClient.vcxproj -> D:\Programming\Server\서버수업\소스코드\Portfolio\battlemarine\\Bin\Debug\GameClient.exe
  GameClient.vcxproj -> D:\Programming\Server\서버수업\소스코드\Portfolio\battlemarine\\Bin\Debug\GameClient.pdb (Partial PDB)
  "copy to libcurl"
          1개 파일이 복사되었습니다.
